[debug] [2017-11-26T13:37:42.543Z] ----------------------------------------------------------------------
[debug] [2017-11-26T13:37:42.546Z] Command:       /home/darshana/.nvm/versions/node/v9.2.0/bin/node /usr/local/bin/firebase serve
[debug] [2017-11-26T13:37:42.546Z] CLI Version:   3.15.3
[debug] [2017-11-26T13:37:42.546Z] Platform:      linux
[debug] [2017-11-26T13:37:42.546Z] Node Version:  v9.2.0
[debug] [2017-11-26T13:37:42.546Z] Time:          Sun Nov 26 2017 14:37:42 GMT+0100 (CET)
[debug] [2017-11-26T13:37:42.546Z] ----------------------------------------------------------------------
[debug] 
[debug] [2017-11-26T13:37:42.559Z] > command requires scopes: ["email","openid","https://www.googleapis.com/auth/cloudplatformprojects.readonly","https://www.googleapis.com/auth/firebase","https://www.googleapis.com/auth/cloud-platform"]
[debug] [2017-11-26T13:37:42.560Z] > authorizing via signed-in user
[debug] [2017-11-26T13:37:42.562Z] >>> HTTP REQUEST GET https://admin.firebase.com/v1/projects/teambuilder-a4faf  
 Sun Nov 26 2017 14:37:42 GMT+0100 (CET)
[debug] [2017-11-26T13:37:43.313Z] <<< HTTP RESPONSE 200
[debug] [2017-11-26T13:37:43.315Z] >>> HTTP REQUEST GET https://admin.firebase.com/v1/database/teambuilder-a4faf/tokens  
 Sun Nov 26 2017 14:37:43 GMT+0100 (CET)
[debug] [2017-11-26T13:37:44.162Z] <<< HTTP RESPONSE 200
[info] 
[info] === Serving from '/home/darshana/src/hackathons/gdc/Team-Builder'...
[info] 
[debug] [2017-11-26T13:37:44.166Z] >>> HTTP REQUEST GET https://cloudresourcemanager.googleapis.com/v1/projects/teambuilder-a4faf  
 Sun Nov 26 2017 14:37:44 GMT+0100 (CET)
[debug] [2017-11-26T13:37:44.987Z] <<< HTTP RESPONSE 200
[debug] [2017-11-26T13:37:44.987Z] >>> HTTP REQUEST GET https://mobilesdk-pa.googleapis.com/v1/projects/53465784048/clients/_:getWebAppConfig  
 Sun Nov 26 2017 14:37:44 GMT+0100 (CET)
[debug] [2017-11-26T13:37:45.395Z] <<< HTTP RESPONSE 200
[info] i  hosting: Serving hosting files from: public
[info] ✔  hosting: Local server: http://localhost:5000

